23:00:05.472 ERROR ER_PARSE_ERROR: You have an error in your SQL syntax; check the manual that corresponds to your MySQL server version for the right syntax to use near 'VAUES ('ERTY-EZZER-ZERR','http://...',400)' at line 1
{"code":"ER_PARSE_ERROR","errno":1064,"sqlMessage":"You have an error in your SQL syntax; check the manual that corresponds to your MySQL server version for the right syntax to use near 'VAUES ('ERTY-EZZER-ZERR','http://...',400)' at line 1","sqlState":"42000","index":0,"sql":"INSERT INTO SELL(code_ami, picture, value) VAUES ('ERTY-EZZER-ZERR','http://...',400)"}
Error: ER_PARSE_ERROR: You have an error in your SQL syntax; check the manual that corresponds to your MySQL server version for the right syntax to use near 'VAUES ('ERTY-EZZER-ZERR','http://...',400)' at line 1
    at Query.Sequence._packetToError (C:\Users\nbout\Documents\Développement\TurnipProjet\Turnip\node_modules\mysql\lib\protocol\sequences\Sequence.js:47:14)
    at Query.ErrorPacket (C:\Users\nbout\Documents\Développement\TurnipProjet\Turnip\node_modules\mysql\lib\protocol\sequences\Query.js:79:18)
    at Protocol._parsePacket (C:\Users\nbout\Documents\Développement\TurnipProjet\Turnip\node_modules\mysql\lib\protocol\Protocol.js:291:23)
    at Parser._parsePacket (C:\Users\nbout\Documents\Développement\TurnipProjet\Turnip\node_modules\mysql\lib\protocol\Parser.js:433:10)
    at Parser.write (C:\Users\nbout\Documents\Développement\TurnipProjet\Turnip\node_modules\mysql\lib\protocol\Parser.js:43:10)
    at Protocol.write (C:\Users\nbout\Documents\Développement\TurnipProjet\Turnip\node_modules\mysql\lib\protocol\Protocol.js:38:16)
    at Socket.<anonymous> (C:\Users\nbout\Documents\Développement\TurnipProjet\Turnip\node_modules\mysql\lib\Connection.js:88:28)
    at Socket.<anonymous> (C:\Users\nbout\Documents\Développement\TurnipProjet\Turnip\node_modules\mysql\lib\Connection.js:526:10)
    at Socket.emit (events.js:189:13)
    at addChunk (_stream_readable.js:284:12)
    --------------------
    at Protocol._enqueue (C:\Users\nbout\Documents\Développement\TurnipProjet\Turnip\node_modules\mysql\lib\protocol\Protocol.js:144:48)
    at Connection.query (C:\Users\nbout\Documents\Développement\TurnipProjet\Turnip\node_modules\mysql\lib\Connection.js:198:25)
    at Object.ajouterVente (C:\Users\nbout\Documents\Développement\TurnipProjet\Turnip\sellDAO.js:5:20)
    at jwt.verify (C:\Users\nbout\Documents\Développement\TurnipProjet\Turnip\app.js:144:13)
    at C:\Users\nbout\Documents\Développement\TurnipProjet\Turnip\node_modules\jsonwebtoken\verify.js:223:12
    at getSecret (C:\Users\nbout\Documents\Développement\TurnipProjet\Turnip\node_modules\jsonwebtoken\verify.js:90:14)
    at Object.module.exports [as verify] (C:\Users\nbout\Documents\Développement\TurnipProjet\Turnip\node_modules\jsonwebtoken\verify.js:94:10)
    at router.post (C:\Users\nbout\Documents\Développement\TurnipProjet\Turnip\app.js:134:7)
    at Layer.handle [as handle_request] (C:\Users\nbout\Documents\Développement\TurnipProjet\Turnip\node_modules\express\lib\router\layer.js:95:5)
    at next (C:\Users\nbout\Documents\Développement\TurnipProjet\Turnip\node_modules\express\lib\router\route.js:137:13) 
02:08:26.960 ERROR ER_NO_REFERENCED_ROW_2: Cannot add or update a child row: a foreign key constraint fails (`turnipdb`.`trade`, CONSTRAINT `FK_host` FOREIGN KEY (`host`) REFERENCES `user` (`code_ami`))
{"code":"ER_NO_REFERENCED_ROW_2","errno":1452,"sqlMessage":"Cannot add or update a child row: a foreign key constraint fails (`turnipdb`.`trade`, CONSTRAINT `FK_host` FOREIGN KEY (`host`) REFERENCES `user` (`code_ami`))","sqlState":"23000","index":0,"sql":"INSERT INTO TRADE(traveler, host, message, state) VALUES ('ERTY-EZZER-ZERR','ADE-ERZ-EEZ','Je veux venir','attente')"}
Error: ER_NO_REFERENCED_ROW_2: Cannot add or update a child row: a foreign key constraint fails (`turnipdb`.`trade`, CONSTRAINT `FK_host` FOREIGN KEY (`host`) REFERENCES `user` (`code_ami`))
    at Query.Sequence._packetToError (C:\Users\nbout\Documents\Développement\TurnipProjet\Turnip\node_modules\mysql\lib\protocol\sequences\Sequence.js:47:14)
    at Query.ErrorPacket (C:\Users\nbout\Documents\Développement\TurnipProjet\Turnip\node_modules\mysql\lib\protocol\sequences\Query.js:79:18)
    at Protocol._parsePacket (C:\Users\nbout\Documents\Développement\TurnipProjet\Turnip\node_modules\mysql\lib\protocol\Protocol.js:291:23)
    at Parser._parsePacket (C:\Users\nbout\Documents\Développement\TurnipProjet\Turnip\node_modules\mysql\lib\protocol\Parser.js:433:10)
    at Parser.write (C:\Users\nbout\Documents\Développement\TurnipProjet\Turnip\node_modules\mysql\lib\protocol\Parser.js:43:10)
    at Protocol.write (C:\Users\nbout\Documents\Développement\TurnipProjet\Turnip\node_modules\mysql\lib\protocol\Protocol.js:38:16)
    at Socket.<anonymous> (C:\Users\nbout\Documents\Développement\TurnipProjet\Turnip\node_modules\mysql\lib\Connection.js:88:28)
    at Socket.<anonymous> (C:\Users\nbout\Documents\Développement\TurnipProjet\Turnip\node_modules\mysql\lib\Connection.js:526:10)
    at Socket.emit (events.js:189:13)
    at addChunk (_stream_readable.js:284:12)
    --------------------
    at Protocol._enqueue (C:\Users\nbout\Documents\Développement\TurnipProjet\Turnip\node_modules\mysql\lib\protocol\Protocol.js:144:48)
    at Connection.query (C:\Users\nbout\Documents\Développement\TurnipProjet\Turnip\node_modules\mysql\lib\Connection.js:198:25)
    at Object.ajouterTrade (C:\Users\nbout\Documents\Développement\TurnipProjet\Turnip\tradeDAO.js:6:20)
    at jwt.verify (C:\Users\nbout\Documents\Développement\TurnipProjet\Turnip\app.js:258:14)
    at C:\Users\nbout\Documents\Développement\TurnipProjet\Turnip\node_modules\jsonwebtoken\verify.js:223:12
    at getSecret (C:\Users\nbout\Documents\Développement\TurnipProjet\Turnip\node_modules\jsonwebtoken\verify.js:90:14)
    at Object.module.exports [as verify] (C:\Users\nbout\Documents\Développement\TurnipProjet\Turnip\node_modules\jsonwebtoken\verify.js:94:10)
    at router.post (C:\Users\nbout\Documents\Développement\TurnipProjet\Turnip\app.js:248:7)
    at Layer.handle [as handle_request] (C:\Users\nbout\Documents\Développement\TurnipProjet\Turnip\node_modules\express\lib\router\layer.js:95:5)
    at next (C:\Users\nbout\Documents\Développement\TurnipProjet\Turnip\node_modules\express\lib\router\route.js:137:13) 
02:51:58.062 ERROR ER_BAD_FIELD_ERROR: Unknown column 'STATUS' in 'field list'
{"code":"ER_BAD_FIELD_ERROR","errno":1054,"sqlMessage":"Unknown column 'STATUS' in 'field list'","sqlState":"42S22","index":0,"sql":"UPDATE TRADE SET STATUS=\"accepté\" WHERE ID=2"}
Error: ER_BAD_FIELD_ERROR: Unknown column 'STATUS' in 'field list'
    at Query.Sequence._packetToError (C:\Users\nbout\Documents\Développement\TurnipProjet\Turnip\node_modules\mysql\lib\protocol\sequences\Sequence.js:47:14)
    at Query.ErrorPacket (C:\Users\nbout\Documents\Développement\TurnipProjet\Turnip\node_modules\mysql\lib\protocol\sequences\Query.js:79:18)
    at Protocol._parsePacket (C:\Users\nbout\Documents\Développement\TurnipProjet\Turnip\node_modules\mysql\lib\protocol\Protocol.js:291:23)
    at Parser._parsePacket (C:\Users\nbout\Documents\Développement\TurnipProjet\Turnip\node_modules\mysql\lib\protocol\Parser.js:433:10)
    at Parser.write (C:\Users\nbout\Documents\Développement\TurnipProjet\Turnip\node_modules\mysql\lib\protocol\Parser.js:43:10)
    at Protocol.write (C:\Users\nbout\Documents\Développement\TurnipProjet\Turnip\node_modules\mysql\lib\protocol\Protocol.js:38:16)
    at Socket.<anonymous> (C:\Users\nbout\Documents\Développement\TurnipProjet\Turnip\node_modules\mysql\lib\Connection.js:88:28)
    at Socket.<anonymous> (C:\Users\nbout\Documents\Développement\TurnipProjet\Turnip\node_modules\mysql\lib\Connection.js:526:10)
    at Socket.emit (events.js:189:13)
    at addChunk (_stream_readable.js:284:12)
    --------------------
    at Protocol._enqueue (C:\Users\nbout\Documents\Développement\TurnipProjet\Turnip\node_modules\mysql\lib\protocol\Protocol.js:144:48)
    at Connection.query (C:\Users\nbout\Documents\Développement\TurnipProjet\Turnip\node_modules\mysql\lib\Connection.js:198:25)
    at Query.connection.query (C:\Users\nbout\Documents\Développement\TurnipProjet\Turnip\tradeDAO.js:33:24)
    at Query.<anonymous> (C:\Users\nbout\Documents\Développement\TurnipProjet\Turnip\node_modules\mysql\lib\Connection.js:526:10)
    at Query._callback (C:\Users\nbout\Documents\Développement\TurnipProjet\Turnip\node_modules\mysql\lib\Connection.js:488:16)
    at Query.Sequence.end (C:\Users\nbout\Documents\Développement\TurnipProjet\Turnip\node_modules\mysql\lib\protocol\sequences\Sequence.js:83:24)
    at Query._handleFinalResultPacket (C:\Users\nbout\Documents\Développement\TurnipProjet\Turnip\node_modules\mysql\lib\protocol\sequences\Query.js:149:8)
    at Query.EofPacket (C:\Users\nbout\Documents\Développement\TurnipProjet\Turnip\node_modules\mysql\lib\protocol\sequences\Query.js:133:8)
    at Protocol._parsePacket (C:\Users\nbout\Documents\Développement\TurnipProjet\Turnip\node_modules\mysql\lib\protocol\Protocol.js:291:23)
    at Parser._parsePacket (C:\Users\nbout\Documents\Développement\TurnipProjet\Turnip\node_modules\mysql\lib\protocol\Parser.js:433:10) 
